<?xml version="1.0" encoding="UTF-8"?>
<!-- Generated by org.testng.reporters.JUnitXMLReporter -->
<testsuite ignored="0" hostname="Radhakrishnan" failures="43" tests="44" name="approve" time="42.212" errors="0" timestamp="2022-07-20T01:40:28 IST">
  <testcase classname="com.maplogik.functional.ApproveCertificate" name="adminLogin" time="4.494"/>
  <testcase classname="com.maplogik.functional.ApproveCertificate" name="certificationApproval" time="0.849">
    <failure type="java.lang.AssertionError" message="expected [true] but found [false]">
      <![CDATA[java.lang.AssertionError: expected [true] but found [false]
at com.maplogik.functional.ApproveCertificate.certificationApproval(ApproveCertificate.java:34)
at java.base/java.util.ArrayList.forEach(ArrayList.java:1511)
... Removed 31 stack frames]]>
    </failure>
  </testcase> <!-- certificationApproval -->
  <testcase classname="com.maplogik.functional.ApproveCertificate" name="certificationApproval" time="0.624">
    <failure type="java.lang.AssertionError" message="expected [true] but found [false]">
      <![CDATA[java.lang.AssertionError: expected [true] but found [false]
at com.maplogik.functional.ApproveCertificate.certificationApproval(ApproveCertificate.java:34)
at java.base/java.util.ArrayList.forEach(ArrayList.java:1511)
... Removed 31 stack frames]]>
    </failure>
  </testcase> <!-- certificationApproval -->
  <testcase classname="com.maplogik.functional.ApproveCertificate" name="certificationApproval" time="0.654">
    <failure type="java.lang.AssertionError" message="expected [true] but found [false]">
      <![CDATA[java.lang.AssertionError: expected [true] but found [false]
at com.maplogik.functional.ApproveCertificate.certificationApproval(ApproveCertificate.java:34)
at java.base/java.util.ArrayList.forEach(ArrayList.java:1511)
... Removed 31 stack frames]]>
    </failure>
  </testcase> <!-- certificationApproval -->
  <testcase classname="com.maplogik.functional.ApproveCertificate" name="certificationApproval" time="0.569">
    <failure type="java.lang.AssertionError" message="expected [true] but found [false]">
      <![CDATA[java.lang.AssertionError: expected [true] but found [false]
at com.maplogik.functional.ApproveCertificate.certificationApproval(ApproveCertificate.java:34)
at java.base/java.util.ArrayList.forEach(ArrayList.java:1511)
... Removed 31 stack frames]]>
    </failure>
  </testcase> <!-- certificationApproval -->
  <testcase classname="com.maplogik.functional.ApproveCertificate" name="certificationApproval" time="0.583">
    <failure type="java.lang.AssertionError" message="expected [true] but found [false]">
      <![CDATA[java.lang.AssertionError: expected [true] but found [false]
at com.maplogik.functional.ApproveCertificate.certificationApproval(ApproveCertificate.java:34)
at java.base/java.util.ArrayList.forEach(ArrayList.java:1511)
... Removed 31 stack frames]]>
    </failure>
  </testcase> <!-- certificationApproval -->
  <testcase classname="com.maplogik.functional.ApproveCertificate" name="certificationApproval" time="0.572">
    <failure type="java.lang.AssertionError" message="expected [true] but found [false]">
      <![CDATA[java.lang.AssertionError: expected [true] but found [false]
at com.maplogik.functional.ApproveCertificate.certificationApproval(ApproveCertificate.java:34)
at java.base/java.util.ArrayList.forEach(ArrayList.java:1511)
... Removed 31 stack frames]]>
    </failure>
  </testcase> <!-- certificationApproval -->
  <testcase classname="com.maplogik.functional.ApproveCertificate" name="certificationApproval" time="0.602">
    <failure type="java.lang.AssertionError" message="expected [true] but found [false]">
      <![CDATA[java.lang.AssertionError: expected [true] but found [false]
at com.maplogik.functional.ApproveCertificate.certificationApproval(ApproveCertificate.java:34)
at java.base/java.util.ArrayList.forEach(ArrayList.java:1511)
... Removed 31 stack frames]]>
    </failure>
  </testcase> <!-- certificationApproval -->
  <testcase classname="com.maplogik.functional.ApproveCertificate" name="certificationApproval" time="0.534">
    <failure type="java.lang.AssertionError" message="expected [true] but found [false]">
      <![CDATA[java.lang.AssertionError: expected [true] but found [false]
at com.maplogik.functional.ApproveCertificate.certificationApproval(ApproveCertificate.java:34)
at java.base/java.util.ArrayList.forEach(ArrayList.java:1511)
... Removed 31 stack frames]]>
    </failure>
  </testcase> <!-- certificationApproval -->
  <testcase classname="com.maplogik.functional.ApproveCertificate" name="certificationApproval" time="0.55">
    <failure type="java.lang.AssertionError" message="expected [true] but found [false]">
      <![CDATA[java.lang.AssertionError: expected [true] but found [false]
at com.maplogik.functional.ApproveCertificate.certificationApproval(ApproveCertificate.java:34)
at java.base/java.util.ArrayList.forEach(ArrayList.java:1511)
... Removed 31 stack frames]]>
    </failure>
  </testcase> <!-- certificationApproval -->
  <testcase classname="com.maplogik.functional.ApproveCertificate" name="certificationApproval" time="0.63">
    <failure type="java.lang.AssertionError" message="expected [true] but found [false]">
      <![CDATA[java.lang.AssertionError: expected [true] but found [false]
at com.maplogik.functional.ApproveCertificate.certificationApproval(ApproveCertificate.java:34)
at java.base/java.util.ArrayList.forEach(ArrayList.java:1511)
... Removed 31 stack frames]]>
    </failure>
  </testcase> <!-- certificationApproval -->
  <testcase classname="com.maplogik.functional.ApproveCertificate" name="certificationApproval" time="0.539">
    <failure type="java.lang.AssertionError" message="expected [true] but found [false]">
      <![CDATA[java.lang.AssertionError: expected [true] but found [false]
at com.maplogik.functional.ApproveCertificate.certificationApproval(ApproveCertificate.java:34)
at java.base/java.util.ArrayList.forEach(ArrayList.java:1511)
... Removed 31 stack frames]]>
    </failure>
  </testcase> <!-- certificationApproval -->
  <testcase classname="com.maplogik.functional.ApproveCertificate" name="certificationApproval" time="0.588">
    <failure type="java.lang.AssertionError" message="expected [true] but found [false]">
      <![CDATA[java.lang.AssertionError: expected [true] but found [false]
at com.maplogik.functional.ApproveCertificate.certificationApproval(ApproveCertificate.java:34)
at java.base/java.util.ArrayList.forEach(ArrayList.java:1511)
... Removed 31 stack frames]]>
    </failure>
  </testcase> <!-- certificationApproval -->
  <testcase classname="com.maplogik.functional.ApproveCertificate" name="certificationApproval" time="0.957">
    <failure type="java.lang.AssertionError" message="expected [true] but found [false]">
      <![CDATA[java.lang.AssertionError: expected [true] but found [false]
at com.maplogik.functional.ApproveCertificate.certificationApproval(ApproveCertificate.java:34)
at java.base/java.util.ArrayList.forEach(ArrayList.java:1511)
... Removed 31 stack frames]]>
    </failure>
  </testcase> <!-- certificationApproval -->
  <testcase classname="com.maplogik.functional.ApproveCertificate" name="certificationApproval" time="0.652">
    <failure type="java.lang.AssertionError" message="expected [true] but found [false]">
      <![CDATA[java.lang.AssertionError: expected [true] but found [false]
at com.maplogik.functional.ApproveCertificate.certificationApproval(ApproveCertificate.java:34)
at java.base/java.util.ArrayList.forEach(ArrayList.java:1511)
... Removed 31 stack frames]]>
    </failure>
  </testcase> <!-- certificationApproval -->
  <testcase classname="com.maplogik.functional.ApproveCertificate" name="certificationApproval" time="0.541">
    <failure type="java.lang.AssertionError" message="expected [true] but found [false]">
      <![CDATA[java.lang.AssertionError: expected [true] but found [false]
at com.maplogik.functional.ApproveCertificate.certificationApproval(ApproveCertificate.java:34)
at java.base/java.util.ArrayList.forEach(ArrayList.java:1511)
... Removed 31 stack frames]]>
    </failure>
  </testcase> <!-- certificationApproval -->
  <testcase classname="com.maplogik.functional.ApproveCertificate" name="certificationApproval" time="0.565">
    <failure type="java.lang.AssertionError" message="expected [true] but found [false]">
      <![CDATA[java.lang.AssertionError: expected [true] but found [false]
at com.maplogik.functional.ApproveCertificate.certificationApproval(ApproveCertificate.java:34)
at java.base/java.util.ArrayList.forEach(ArrayList.java:1511)
... Removed 31 stack frames]]>
    </failure>
  </testcase> <!-- certificationApproval -->
  <testcase classname="com.maplogik.functional.ApproveCertificate" name="certificationApproval" time="0.51">
    <failure type="java.lang.AssertionError" message="expected [true] but found [false]">
      <![CDATA[java.lang.AssertionError: expected [true] but found [false]
at com.maplogik.functional.ApproveCertificate.certificationApproval(ApproveCertificate.java:34)
at java.base/java.util.ArrayList.forEach(ArrayList.java:1511)
... Removed 30 stack frames]]>
    </failure>
  </testcase> <!-- certificationApproval -->
  <testcase classname="com.maplogik.functional.ApproveCertificate" name="certificationApproval" time="0.548">
    <failure type="java.lang.AssertionError" message="expected [true] but found [false]">
      <![CDATA[java.lang.AssertionError: expected [true] but found [false]
at com.maplogik.functional.ApproveCertificate.certificationApproval(ApproveCertificate.java:34)
at java.base/java.util.ArrayList.forEach(ArrayList.java:1511)
... Removed 30 stack frames]]>
    </failure>
  </testcase> <!-- certificationApproval -->
  <testcase classname="com.maplogik.functional.ApproveCertificate" name="certificationApproval" time="0.557">
    <failure type="java.lang.AssertionError" message="expected [true] but found [false]">
      <![CDATA[java.lang.AssertionError: expected [true] but found [false]
at com.maplogik.functional.ApproveCertificate.certificationApproval(ApproveCertificate.java:34)
at java.base/java.util.ArrayList.forEach(ArrayList.java:1511)
... Removed 30 stack frames]]>
    </failure>
  </testcase> <!-- certificationApproval -->
  <testcase classname="com.maplogik.functional.ApproveCertificate" name="certificationApproval" time="0.549">
    <failure type="java.lang.AssertionError" message="expected [true] but found [false]">
      <![CDATA[java.lang.AssertionError: expected [true] but found [false]
at com.maplogik.functional.ApproveCertificate.certificationApproval(ApproveCertificate.java:34)
at java.base/java.util.ArrayList.forEach(ArrayList.java:1511)
... Removed 30 stack frames]]>
    </failure>
  </testcase> <!-- certificationApproval -->
  <testcase classname="com.maplogik.functional.ApproveCertificate" name="certificationApproval" time="0.467">
    <failure type="java.lang.AssertionError" message="expected [true] but found [false]">
      <![CDATA[java.lang.AssertionError: expected [true] but found [false]
at com.maplogik.functional.ApproveCertificate.certificationApproval(ApproveCertificate.java:34)
at java.base/java.util.ArrayList.forEach(ArrayList.java:1511)
... Removed 30 stack frames]]>
    </failure>
  </testcase> <!-- certificationApproval -->
  <testcase classname="com.maplogik.functional.ApproveCertificate" name="certificationApproval" time="0.453">
    <failure type="java.lang.AssertionError" message="expected [true] but found [false]">
      <![CDATA[java.lang.AssertionError: expected [true] but found [false]
at com.maplogik.functional.ApproveCertificate.certificationApproval(ApproveCertificate.java:34)
at java.base/java.util.ArrayList.forEach(ArrayList.java:1511)
... Removed 30 stack frames]]>
    </failure>
  </testcase> <!-- certificationApproval -->
  <testcase classname="com.maplogik.functional.ApproveCertificate" name="certificationApproval" time="0.623">
    <failure type="java.lang.AssertionError" message="expected [true] but found [false]">
      <![CDATA[java.lang.AssertionError: expected [true] but found [false]
at com.maplogik.functional.ApproveCertificate.certificationApproval(ApproveCertificate.java:34)
at java.base/java.util.ArrayList.forEach(ArrayList.java:1511)
... Removed 30 stack frames]]>
    </failure>
  </testcase> <!-- certificationApproval -->
  <testcase classname="com.maplogik.functional.ApproveCertificate" name="certificationApproval" time="0.608">
    <failure type="java.lang.AssertionError" message="expected [true] but found [false]">
      <![CDATA[java.lang.AssertionError: expected [true] but found [false]
at com.maplogik.functional.ApproveCertificate.certificationApproval(ApproveCertificate.java:34)
at java.base/java.util.ArrayList.forEach(ArrayList.java:1511)
... Removed 30 stack frames]]>
    </failure>
  </testcase> <!-- certificationApproval -->
  <testcase classname="com.maplogik.functional.ApproveCertificate" name="certificationApproval" time="0.571">
    <failure type="java.lang.AssertionError" message="expected [true] but found [false]">
      <![CDATA[java.lang.AssertionError: expected [true] but found [false]
at com.maplogik.functional.ApproveCertificate.certificationApproval(ApproveCertificate.java:34)
at java.base/java.util.ArrayList.forEach(ArrayList.java:1511)
... Removed 30 stack frames]]>
    </failure>
  </testcase> <!-- certificationApproval -->
  <testcase classname="com.maplogik.functional.ApproveCertificate" name="certificationApproval" time="0.485">
    <failure type="java.lang.AssertionError" message="expected [true] but found [false]">
      <![CDATA[java.lang.AssertionError: expected [true] but found [false]
at com.maplogik.functional.ApproveCertificate.certificationApproval(ApproveCertificate.java:34)
at java.base/java.util.ArrayList.forEach(ArrayList.java:1511)
... Removed 30 stack frames]]>
    </failure>
  </testcase> <!-- certificationApproval -->
  <testcase classname="com.maplogik.functional.ApproveCertificate" name="certificationApproval" time="0.439">
    <failure type="java.lang.AssertionError" message="expected [true] but found [false]">
      <![CDATA[java.lang.AssertionError: expected [true] but found [false]
at com.maplogik.functional.ApproveCertificate.certificationApproval(ApproveCertificate.java:34)
at java.base/java.util.ArrayList.forEach(ArrayList.java:1511)
... Removed 30 stack frames]]>
    </failure>
  </testcase> <!-- certificationApproval -->
  <testcase classname="com.maplogik.functional.ApproveCertificate" name="certificationApproval" time="0.438">
    <failure type="java.lang.AssertionError" message="expected [true] but found [false]">
      <![CDATA[java.lang.AssertionError: expected [true] but found [false]
at com.maplogik.functional.ApproveCertificate.certificationApproval(ApproveCertificate.java:34)
at java.base/java.util.ArrayList.forEach(ArrayList.java:1511)
... Removed 30 stack frames]]>
    </failure>
  </testcase> <!-- certificationApproval -->
  <testcase classname="com.maplogik.functional.ApproveCertificate" name="certificationApproval" time="0.439">
    <failure type="java.lang.AssertionError" message="expected [true] but found [false]">
      <![CDATA[java.lang.AssertionError: expected [true] but found [false]
at com.maplogik.functional.ApproveCertificate.certificationApproval(ApproveCertificate.java:34)
at java.base/java.util.ArrayList.forEach(ArrayList.java:1511)
... Removed 30 stack frames]]>
    </failure>
  </testcase> <!-- certificationApproval -->
  <testcase classname="com.maplogik.functional.ApproveCertificate" name="certificationApproval" time="0.467">
    <failure type="java.lang.AssertionError" message="expected [true] but found [false]">
      <![CDATA[java.lang.AssertionError: expected [true] but found [false]
at com.maplogik.functional.ApproveCertificate.certificationApproval(ApproveCertificate.java:34)
at java.base/java.util.ArrayList.forEach(ArrayList.java:1511)
... Removed 30 stack frames]]>
    </failure>
  </testcase> <!-- certificationApproval -->
  <testcase classname="com.maplogik.functional.ApproveCertificate" name="certificationApproval" time="0.45">
    <failure type="java.lang.AssertionError" message="expected [true] but found [false]">
      <![CDATA[java.lang.AssertionError: expected [true] but found [false]
at com.maplogik.functional.ApproveCertificate.certificationApproval(ApproveCertificate.java:34)
at java.base/java.util.ArrayList.forEach(ArrayList.java:1511)
... Removed 30 stack frames]]>
    </failure>
  </testcase> <!-- certificationApproval -->
  <testcase classname="com.maplogik.functional.ApproveCertificate" name="certificationApproval" time="0.442">
    <failure type="java.lang.AssertionError" message="expected [true] but found [false]">
      <![CDATA[java.lang.AssertionError: expected [true] but found [false]
at com.maplogik.functional.ApproveCertificate.certificationApproval(ApproveCertificate.java:34)
at java.base/java.util.ArrayList.forEach(ArrayList.java:1511)
... Removed 30 stack frames]]>
    </failure>
  </testcase> <!-- certificationApproval -->
  <testcase classname="com.maplogik.functional.ApproveCertificate" name="certificationApproval" time="0.45">
    <failure type="java.lang.AssertionError" message="expected [true] but found [false]">
      <![CDATA[java.lang.AssertionError: expected [true] but found [false]
at com.maplogik.functional.ApproveCertificate.certificationApproval(ApproveCertificate.java:34)
at java.base/java.util.ArrayList.forEach(ArrayList.java:1511)
... Removed 30 stack frames]]>
    </failure>
  </testcase> <!-- certificationApproval -->
  <testcase classname="com.maplogik.functional.ApproveCertificate" name="certificationApproval" time="0.468">
    <failure type="java.lang.AssertionError" message="expected [true] but found [false]">
      <![CDATA[java.lang.AssertionError: expected [true] but found [false]
at com.maplogik.functional.ApproveCertificate.certificationApproval(ApproveCertificate.java:34)
at java.base/java.util.ArrayList.forEach(ArrayList.java:1511)
... Removed 30 stack frames]]>
    </failure>
  </testcase> <!-- certificationApproval -->
  <testcase classname="com.maplogik.functional.ApproveCertificate" name="certificationApproval" time="0.418">
    <failure type="java.lang.AssertionError" message="expected [true] but found [false]">
      <![CDATA[java.lang.AssertionError: expected [true] but found [false]
at com.maplogik.functional.ApproveCertificate.certificationApproval(ApproveCertificate.java:34)
at java.base/java.util.ArrayList.forEach(ArrayList.java:1511)
... Removed 30 stack frames]]>
    </failure>
  </testcase> <!-- certificationApproval -->
  <testcase classname="com.maplogik.functional.ApproveCertificate" name="certificationApproval" time="0.447">
    <failure type="java.lang.AssertionError" message="expected [true] but found [false]">
      <![CDATA[java.lang.AssertionError: expected [true] but found [false]
at com.maplogik.functional.ApproveCertificate.certificationApproval(ApproveCertificate.java:34)
at java.base/java.util.ArrayList.forEach(ArrayList.java:1511)
... Removed 30 stack frames]]>
    </failure>
  </testcase> <!-- certificationApproval -->
  <testcase classname="com.maplogik.functional.ApproveCertificate" name="certificationApproval" time="0.455">
    <failure type="java.lang.AssertionError" message="expected [true] but found [false]">
      <![CDATA[java.lang.AssertionError: expected [true] but found [false]
at com.maplogik.functional.ApproveCertificate.certificationApproval(ApproveCertificate.java:34)
at java.base/java.util.ArrayList.forEach(ArrayList.java:1511)
... Removed 30 stack frames]]>
    </failure>
  </testcase> <!-- certificationApproval -->
  <testcase classname="com.maplogik.functional.ApproveCertificate" name="certificationApproval" time="0.45">
    <failure type="java.lang.AssertionError" message="expected [true] but found [false]">
      <![CDATA[java.lang.AssertionError: expected [true] but found [false]
at com.maplogik.functional.ApproveCertificate.certificationApproval(ApproveCertificate.java:34)
at java.base/java.util.ArrayList.forEach(ArrayList.java:1511)
... Removed 30 stack frames]]>
    </failure>
  </testcase> <!-- certificationApproval -->
  <testcase classname="com.maplogik.functional.ApproveCertificate" name="certificationApproval" time="0.461">
    <failure type="java.lang.AssertionError" message="expected [true] but found [false]">
      <![CDATA[java.lang.AssertionError: expected [true] but found [false]
at com.maplogik.functional.ApproveCertificate.certificationApproval(ApproveCertificate.java:34)
at java.base/java.util.ArrayList.forEach(ArrayList.java:1511)
... Removed 30 stack frames]]>
    </failure>
  </testcase> <!-- certificationApproval -->
  <testcase classname="com.maplogik.functional.ApproveCertificate" name="certificationApproval" time="0.483">
    <failure type="java.lang.AssertionError" message="expected [true] but found [false]">
      <![CDATA[java.lang.AssertionError: expected [true] but found [false]
at com.maplogik.functional.ApproveCertificate.certificationApproval(ApproveCertificate.java:34)
at java.base/java.util.ArrayList.forEach(ArrayList.java:1511)
... Removed 30 stack frames]]>
    </failure>
  </testcase> <!-- certificationApproval -->
  <testcase classname="com.maplogik.functional.ApproveCertificate" name="certificationApproval" time="0.431">
    <failure type="java.lang.AssertionError" message="expected [true] but found [false]">
      <![CDATA[java.lang.AssertionError: expected [true] but found [false]
at com.maplogik.functional.ApproveCertificate.certificationApproval(ApproveCertificate.java:34)
at java.base/java.util.ArrayList.forEach(ArrayList.java:1511)
... Removed 30 stack frames]]>
    </failure>
  </testcase> <!-- certificationApproval -->
  <testcase classname="com.maplogik.functional.ApproveCertificate" name="certificationApproval" time="0.42">
    <failure type="java.lang.AssertionError" message="expected [true] but found [false]">
      <![CDATA[java.lang.AssertionError: expected [true] but found [false]
at com.maplogik.functional.ApproveCertificate.certificationApproval(ApproveCertificate.java:34)
at java.base/java.util.ArrayList.forEach(ArrayList.java:1511)
... Removed 30 stack frames]]>
    </failure>
  </testcase> <!-- certificationApproval -->
  <testcase classname="com.maplogik.functional.ApproveCertificate" name="certificationApproval" time="0.455">
    <failure type="java.lang.AssertionError" message="expected [true] but found [false]">
      <![CDATA[java.lang.AssertionError: expected [true] but found [false]
at com.maplogik.functional.ApproveCertificate.certificationApproval(ApproveCertificate.java:34)
at java.base/java.util.ArrayList.forEach(ArrayList.java:1511)
... Removed 30 stack frames]]>
    </failure>
  </testcase> <!-- certificationApproval -->
</testsuite> <!-- approve -->
