<?xml version="1.0" encoding="UTF-8"?>
<!-- Generated by org.testng.reporters.JUnitXMLReporter -->
<testsuite ignored="0" hostname="Radhakrishnan" failures="0" tests="44" name="Test" time="30.637" errors="0" timestamp="2022-06-24T01:29:51 IST">
  <testcase classname="com.maplogik.base.BeforeUpdateScreenShot" name="@BeforeMethod openBrowse" time="3.27">
    <failure type="org.openqa.selenium.WebDriverException" message="unknown error: cannot determine loading status
from disconnected: received Inspector.detached event
  (Session info: chrome=102.0.5005.115)
Build info: version: &amp;apos;4.1.4&amp;apos;, revision: &amp;apos;535d840ee2&amp;apos;
System info: host: &amp;apos;RADHAKRISHNAN&amp;apos;, ip: &amp;apos;192.168.1.3&amp;apos;, os.name: &amp;apos;Windows 10&amp;apos;, os.arch: &amp;apos;amd64&amp;apos;, os.version: &amp;apos;10.0&amp;apos;, java.version: &amp;apos;17.0.1&amp;apos;
Driver info: org.openqa.selenium.chrome.ChromeDriver
Command: [c653ec2ae254d2f8046c0ee7b72d09b6, get {url=http://maplogik.com/index.php/student/login}]
Capabilities {acceptInsecureCerts: false, browserName: chrome, browserVersion: 102.0.5005.115, chrome: {chromedriverVersion: 102.0.5005.61 (0e59bcc00cc4..., userDataDir: C:\Users\RADHAK~1\AppData\L...}, goog:chromeOptions: {debuggerAddress: localhost:59464}, javascriptEnabled: true, networkConnectionEnabled: false, pageLoadStrategy: normal, platform: WINDOWS, platformName: WINDOWS, proxy: Proxy(), se:cdp: ws://localhost:59464/devtoo..., se:cdpVersion: 102.0.5005.115, setWindowRect: true, strictFileInteractability: false, timeouts: {implicit: 0, pageLoad: 300000, script: 30000}, unhandledPromptBehavior: dismiss and notify, webauthn:extension:credBlob: true, webauthn:extension:largeBlob: true, webauthn:virtualAuthenticators: true}
Session ID: c653ec2ae254d2f8046c0ee7b72d09b6">
      <![CDATA[org.openqa.selenium.WebDriverException: unknown error: cannot determine loading status
from disconnected: received Inspector.detached event
  (Session info: chrome=102.0.5005.115)
Build info: version: '4.1.4', revision: '535d840ee2'
System info: host: 'RADHAKRISHNAN', ip: '192.168.1.3', os.name: 'Windows 10', os.arch: 'amd64', os.version: '10.0', java.version: '17.0.1'
Driver info: org.openqa.selenium.chrome.ChromeDriver
Command: [c653ec2ae254d2f8046c0ee7b72d09b6, get {url=http://maplogik.com/index.php/student/login}]
Capabilities {acceptInsecureCerts: false, browserName: chrome, browserVersion: 102.0.5005.115, chrome: {chromedriverVersion: 102.0.5005.61 (0e59bcc00cc4..., userDataDir: C:\Users\RADHAK~1\AppData\L...}, goog:chromeOptions: {debuggerAddress: localhost:59464}, javascriptEnabled: true, networkConnectionEnabled: false, pageLoadStrategy: normal, platform: WINDOWS, platformName: WINDOWS, proxy: Proxy(), se:cdp: ws://localhost:59464/devtoo..., se:cdpVersion: 102.0.5005.115, setWindowRect: true, strictFileInteractability: false, timeouts: {implicit: 0, pageLoad: 300000, script: 30000}, unhandledPromptBehavior: dismiss and notify, webauthn:extension:credBlob: true, webauthn:extension:largeBlob: true, webauthn:virtualAuthenticators: true}
Session ID: c653ec2ae254d2f8046c0ee7b72d09b6
at org.openqa.selenium.remote.codec.w3c.W3CHttpResponseCodec.createException(W3CHttpResponseCodec.java:200)
at org.openqa.selenium.remote.codec.w3c.W3CHttpResponseCodec.decode(W3CHttpResponseCodec.java:133)
at org.openqa.selenium.remote.codec.w3c.W3CHttpResponseCodec.decode(W3CHttpResponseCodec.java:53)
at org.openqa.selenium.remote.HttpCommandExecutor.execute(HttpCommandExecutor.java:184)
at org.openqa.selenium.remote.service.DriverCommandExecutor.invokeExecute(DriverCommandExecutor.java:167)
at org.openqa.selenium.remote.service.DriverCommandExecutor.execute(DriverCommandExecutor.java:142)
at org.openqa.selenium.remote.RemoteWebDriver.execute(RemoteWebDriver.java:567)
at org.openqa.selenium.remote.RemoteWebDriver.get(RemoteWebDriver.java:330)
at com.maplogik.base.BeforeUpdateScreenShot.openBrowse(BeforeUpdateScreenShot.java:47)
at java.base/java.util.concurrent.ThreadPoolExecutor.runWorker(ThreadPoolExecutor.java:1136)
at java.base/java.util.concurrent.ThreadPoolExecutor$Worker.run(ThreadPoolExecutor.java:635)
at java.base/java.lang.Thread.run(Thread.java:833)
... Removed 21 stack frames]]>
    </failure>
  </testcase> <!-- @BeforeMethod openBrowse -->
  <testcase classname="com.maplogik.base.BeforeUpdateScreenShot" name="@AfterMethod tearDown" time="-1.656014390617E9">
    <skipped/>
  </testcase> <!-- @AfterMethod tearDown -->
  <testcase classname="com.maplogik.base.BeforeUpdateScreenShot" name="@BeforeMethod openBrowse" time="-1.656014390622E9">
    <skipped/>
  </testcase> <!-- @BeforeMethod openBrowse -->
  <testcase classname="com.maplogik.base.BeforeUpdateScreenShot" name="@AfterMethod tearDown" time="-1.656014390639E9">
    <skipped/>
  </testcase> <!-- @AfterMethod tearDown -->
  <testcase classname="com.maplogik.base.BeforeUpdateScreenShot" name="@BeforeMethod openBrowse" time="-1.656014390642E9">
    <skipped/>
  </testcase> <!-- @BeforeMethod openBrowse -->
  <testcase classname="com.maplogik.base.BeforeUpdateScreenShot" name="@AfterMethod tearDown" time="-1.656014390653E9">
    <skipped/>
  </testcase> <!-- @AfterMethod tearDown -->
  <testcase classname="com.maplogik.base.BeforeUpdateScreenShot" name="@BeforeMethod openBrowse" time="-1.656014390656E9">
    <skipped/>
  </testcase> <!-- @BeforeMethod openBrowse -->
  <testcase classname="com.maplogik.base.BeforeUpdateScreenShot" name="@AfterMethod tearDown" time="-1.656014390671E9">
    <skipped/>
  </testcase> <!-- @AfterMethod tearDown -->
  <testcase classname="com.maplogik.base.BeforeUpdateScreenShot" name="@BeforeMethod openBrowse" time="-1.656014390675E9">
    <skipped/>
  </testcase> <!-- @BeforeMethod openBrowse -->
  <testcase classname="com.maplogik.base.BeforeUpdateScreenShot" name="@AfterMethod tearDown" time="-1.656014390688E9">
    <skipped/>
  </testcase> <!-- @AfterMethod tearDown -->
  <testcase classname="com.maplogik.base.BeforeUpdateScreenShot" name="@BeforeMethod openBrowse" time="-1.65601439069E9">
    <skipped/>
  </testcase> <!-- @BeforeMethod openBrowse -->
  <testcase classname="com.maplogik.base.BeforeUpdateScreenShot" name="@AfterMethod tearDown" time="-1.656014390711E9">
    <skipped/>
  </testcase> <!-- @AfterMethod tearDown -->
  <testcase classname="com.maplogik.base.BeforeUpdateScreenShot" name="@BeforeMethod openBrowse" time="-1.656014390718E9">
    <skipped/>
  </testcase> <!-- @BeforeMethod openBrowse -->
  <testcase classname="com.maplogik.base.BeforeUpdateScreenShot" name="@AfterMethod tearDown" time="-1.656014390724E9">
    <skipped/>
  </testcase> <!-- @AfterMethod tearDown -->
  <testcase classname="com.maplogik.base.BeforeUpdateScreenShot" name="@BeforeMethod openBrowse" time="-1.656014390726E9">
    <skipped/>
  </testcase> <!-- @BeforeMethod openBrowse -->
  <testcase classname="com.maplogik.base.BeforeUpdateScreenShot" name="@AfterMethod tearDown" time="-1.656014390752E9">
    <skipped/>
  </testcase> <!-- @AfterMethod tearDown -->
  <testcase classname="com.maplogik.base.BeforeUpdateScreenShot" name="@BeforeMethod openBrowse" time="-1.656014390756E9">
    <skipped/>
  </testcase> <!-- @BeforeMethod openBrowse -->
  <testcase classname="com.maplogik.base.BeforeUpdateScreenShot" name="@AfterMethod tearDown" time="-1.656014390772E9">
    <skipped/>
  </testcase> <!-- @AfterMethod tearDown -->
  <testcase classname="com.maplogik.base.BeforeUpdateScreenShot" name="@BeforeMethod openBrowse" time="-1.656014390783E9">
    <skipped/>
  </testcase> <!-- @BeforeMethod openBrowse -->
  <testcase classname="com.maplogik.base.BeforeUpdateScreenShot" name="@AfterMethod tearDown" time="-1.656014390797E9">
    <skipped/>
  </testcase> <!-- @AfterMethod tearDown -->
  <testcase classname="com.maplogik.base.BeforeUpdateScreenShot" name="@BeforeMethod openBrowse" time="-1.656014390806E9">
    <skipped/>
  </testcase> <!-- @BeforeMethod openBrowse -->
  <testcase classname="com.maplogik.base.BeforeUpdateScreenShot" name="@AfterMethod tearDown" time="-1.656014390815E9">
    <skipped/>
  </testcase> <!-- @AfterMethod tearDown -->
  <testcase classname="com.maplogik.base.BeforeUpdateScreenShot" name="@BeforeMethod openBrowse" time="-1.656014390816E9">
    <skipped/>
  </testcase> <!-- @BeforeMethod openBrowse -->
  <testcase classname="com.maplogik.base.BeforeUpdateScreenShot" name="@AfterMethod tearDown" time="-1.656014390822E9">
    <skipped/>
  </testcase> <!-- @AfterMethod tearDown -->
  <testcase classname="com.maplogik.base.BeforeUpdateScreenShot" name="@BeforeMethod openBrowse" time="-1.656014390825E9">
    <skipped/>
  </testcase> <!-- @BeforeMethod openBrowse -->
  <testcase classname="com.maplogik.base.BeforeUpdateScreenShot" name="@AfterMethod tearDown" time="-1.656014390833E9">
    <skipped/>
  </testcase> <!-- @AfterMethod tearDown -->
  <testcase classname="com.maplogik.base.BeforeUpdateScreenShot" name="@BeforeMethod openBrowse" time="-1.656014390834E9">
    <skipped/>
  </testcase> <!-- @BeforeMethod openBrowse -->
  <testcase classname="com.maplogik.base.BeforeUpdateScreenShot" name="@AfterMethod tearDown" time="-1.656014390841E9">
    <skipped/>
  </testcase> <!-- @AfterMethod tearDown -->
  <testcase classname="com.maplogik.base.BeforeUpdateScreenShot" name="@BeforeMethod openBrowse" time="-1.656014390842E9">
    <skipped/>
  </testcase> <!-- @BeforeMethod openBrowse -->
  <testcase classname="com.maplogik.base.BeforeUpdateScreenShot" name="@AfterMethod tearDown" time="-1.656014390879E9">
    <skipped/>
  </testcase> <!-- @AfterMethod tearDown -->
  <testcase classname="com.maplogik.base.BeforeUpdateScreenShot" name="@BeforeMethod openBrowse" time="-1.656014390886E9">
    <skipped/>
  </testcase> <!-- @BeforeMethod openBrowse -->
  <testcase classname="com.maplogik.base.BeforeUpdateScreenShot" name="@AfterMethod tearDown" time="-1.656014390897E9">
    <skipped/>
  </testcase> <!-- @AfterMethod tearDown -->
  <testcase classname="com.maplogik.base.BeforeUpdateScreenShot" name="@BeforeMethod openBrowse" time="-1.656014390899E9">
    <skipped/>
  </testcase> <!-- @BeforeMethod openBrowse -->
  <testcase classname="com.maplogik.base.BeforeUpdateScreenShot" name="@AfterMethod tearDown" time="-1.656014390906E9">
    <skipped/>
  </testcase> <!-- @AfterMethod tearDown -->
  <testcase classname="com.maplogik.base.BeforeUpdateScreenShot" name="@BeforeMethod openBrowse" time="-1.656014390908E9">
    <skipped/>
  </testcase> <!-- @BeforeMethod openBrowse -->
  <testcase classname="com.maplogik.base.BeforeUpdateScreenShot" name="@AfterMethod tearDown" time="-1.656014390918E9">
    <skipped/>
  </testcase> <!-- @AfterMethod tearDown -->
  <testcase classname="com.maplogik.base.BeforeUpdateScreenShot" name="@BeforeMethod openBrowse" time="-1.65601439092E9">
    <skipped/>
  </testcase> <!-- @BeforeMethod openBrowse -->
  <testcase classname="com.maplogik.base.BeforeUpdateScreenShot" name="@AfterMethod tearDown" time="-1.656014390927E9">
    <skipped/>
  </testcase> <!-- @AfterMethod tearDown -->
  <testcase classname="com.maplogik.base.BeforeUpdateScreenShot" name="@BeforeMethod openBrowse" time="-1.656014390932E9">
    <skipped/>
  </testcase> <!-- @BeforeMethod openBrowse -->
  <testcase classname="com.maplogik.base.BeforeUpdateScreenShot" name="@AfterMethod tearDown" time="-1.656014390937E9">
    <skipped/>
  </testcase> <!-- @AfterMethod tearDown -->
  <testcase classname="com.maplogik.base.BeforeUpdateScreenShot" name="@BeforeMethod openBrowse" time="-1.656014390939E9">
    <skipped/>
  </testcase> <!-- @BeforeMethod openBrowse -->
  <testcase classname="com.maplogik.base.BeforeUpdateScreenShot" name="@AfterMethod tearDown" time="-1.656014390945E9">
    <skipped/>
  </testcase> <!-- @AfterMethod tearDown -->
  <testcase classname="com.maplogik.base.BeforeUpdateScreenShot" name="@BeforeMethod openBrowse" time="-1.656014390948E9">
    <skipped/>
  </testcase> <!-- @BeforeMethod openBrowse -->
  <testcase classname="com.maplogik.base.BeforeUpdateScreenShot" name="@AfterMethod tearDown" time="-1.656014390969E9">
    <skipped/>
  </testcase> <!-- @AfterMethod tearDown -->
  <testcase classname="com.maplogik.base.BeforeUpdateScreenShot" name="@BeforeMethod openBrowse" time="-1.656014390971E9">
    <skipped/>
  </testcase> <!-- @BeforeMethod openBrowse -->
  <testcase classname="com.maplogik.base.BeforeUpdateScreenShot" name="@AfterMethod tearDown" time="-1.656014390983E9">
    <skipped/>
  </testcase> <!-- @AfterMethod tearDown -->
  <testcase classname="com.maplogik.base.BeforeUpdateScreenShot" name="@BeforeMethod openBrowse" time="-1.656014390986E9">
    <skipped/>
  </testcase> <!-- @BeforeMethod openBrowse -->
  <testcase classname="com.maplogik.base.BeforeUpdateScreenShot" name="@AfterMethod tearDown" time="-1.656014390991E9">
    <skipped/>
  </testcase> <!-- @AfterMethod tearDown -->
  <testcase classname="com.maplogik.base.BeforeUpdateScreenShot" name="@BeforeMethod openBrowse" time="-1.656014390992E9">
    <skipped/>
  </testcase> <!-- @BeforeMethod openBrowse -->
  <testcase classname="com.maplogik.base.BeforeUpdateScreenShot" name="@AfterMethod tearDown" time="-1.656014390999E9">
    <skipped/>
  </testcase> <!-- @AfterMethod tearDown -->
  <testcase classname="com.maplogik.base.BeforeUpdateScreenShot" name="@BeforeMethod openBrowse" time="-1.656014391E9">
    <skipped/>
  </testcase> <!-- @BeforeMethod openBrowse -->
  <testcase classname="com.maplogik.base.BeforeUpdateScreenShot" name="@AfterMethod tearDown" time="-1.656014391004E9">
    <skipped/>
  </testcase> <!-- @AfterMethod tearDown -->
  <testcase classname="com.maplogik.base.BeforeUpdateScreenShot" name="@BeforeMethod openBrowse" time="-1.656014391006E9">
    <skipped/>
  </testcase> <!-- @BeforeMethod openBrowse -->
  <testcase classname="com.maplogik.base.BeforeUpdateScreenShot" name="@AfterMethod tearDown" time="-1.65601439101E9">
    <skipped/>
  </testcase> <!-- @AfterMethod tearDown -->
  <testcase classname="com.maplogik.base.BeforeUpdateScreenShot" name="@BeforeMethod openBrowse" time="-1.656014391011E9">
    <skipped/>
  </testcase> <!-- @BeforeMethod openBrowse -->
  <testcase classname="com.maplogik.base.BeforeUpdateScreenShot" name="@AfterMethod tearDown" time="-1.656014391017E9">
    <skipped/>
  </testcase> <!-- @AfterMethod tearDown -->
  <testcase classname="com.maplogik.base.BeforeUpdateScreenShot" name="@BeforeMethod openBrowse" time="-1.656014391018E9">
    <skipped/>
  </testcase> <!-- @BeforeMethod openBrowse -->
  <testcase classname="com.maplogik.base.BeforeUpdateScreenShot" name="@AfterMethod tearDown" time="-1.656014391022E9">
    <skipped/>
  </testcase> <!-- @AfterMethod tearDown -->
  <testcase classname="com.maplogik.base.BeforeUpdateScreenShot" name="@BeforeMethod openBrowse" time="-1.656014391027E9">
    <skipped/>
  </testcase> <!-- @BeforeMethod openBrowse -->
  <testcase classname="com.maplogik.base.BeforeUpdateScreenShot" name="@AfterMethod tearDown" time="-1.656014391052E9">
    <skipped/>
  </testcase> <!-- @AfterMethod tearDown -->
  <testcase classname="com.maplogik.base.BeforeUpdateScreenShot" name="@BeforeMethod openBrowse" time="-1.656014391056E9">
    <skipped/>
  </testcase> <!-- @BeforeMethod openBrowse -->
  <testcase classname="com.maplogik.base.BeforeUpdateScreenShot" name="@AfterMethod tearDown" time="-1.656014391071E9">
    <skipped/>
  </testcase> <!-- @AfterMethod tearDown -->
  <testcase classname="com.maplogik.base.BeforeUpdateScreenShot" name="@BeforeMethod openBrowse" time="-1.656014391077E9">
    <skipped/>
  </testcase> <!-- @BeforeMethod openBrowse -->
  <testcase classname="com.maplogik.base.BeforeUpdateScreenShot" name="@AfterMethod tearDown" time="-1.656014391082E9">
    <skipped/>
  </testcase> <!-- @AfterMethod tearDown -->
  <testcase classname="com.maplogik.base.BeforeUpdateScreenShot" name="@BeforeMethod openBrowse" time="-1.656014391085E9">
    <skipped/>
  </testcase> <!-- @BeforeMethod openBrowse -->
  <testcase classname="com.maplogik.base.BeforeUpdateScreenShot" name="@AfterMethod tearDown" time="-1.65601439109E9">
    <skipped/>
  </testcase> <!-- @AfterMethod tearDown -->
  <testcase classname="com.maplogik.base.BeforeUpdateScreenShot" name="@BeforeMethod openBrowse" time="-1.656014391091E9">
    <skipped/>
  </testcase> <!-- @BeforeMethod openBrowse -->
  <testcase classname="com.maplogik.base.BeforeUpdateScreenShot" name="@AfterMethod tearDown" time="-1.656014391095E9">
    <skipped/>
  </testcase> <!-- @AfterMethod tearDown -->
  <testcase classname="com.maplogik.base.BeforeUpdateScreenShot" name="@BeforeMethod openBrowse" time="-1.656014391098E9">
    <skipped/>
  </testcase> <!-- @BeforeMethod openBrowse -->
  <testcase classname="com.maplogik.base.BeforeUpdateScreenShot" name="@AfterMethod tearDown" time="-1.656014391105E9">
    <skipped/>
  </testcase> <!-- @AfterMethod tearDown -->
  <testcase classname="com.maplogik.base.BeforeUpdateScreenShot" name="@BeforeMethod openBrowse" time="-1.656014391106E9">
    <skipped/>
  </testcase> <!-- @BeforeMethod openBrowse -->
  <testcase classname="com.maplogik.base.BeforeUpdateScreenShot" name="@AfterMethod tearDown" time="-1.656014391111E9">
    <skipped/>
  </testcase> <!-- @AfterMethod tearDown -->
  <testcase classname="com.maplogik.base.BeforeUpdateScreenShot" name="@BeforeMethod openBrowse" time="-1.656014391114E9">
    <skipped/>
  </testcase> <!-- @BeforeMethod openBrowse -->
  <testcase classname="com.maplogik.base.BeforeUpdateScreenShot" name="@AfterMethod tearDown" time="-1.656014391132E9">
    <skipped/>
  </testcase> <!-- @AfterMethod tearDown -->
  <testcase classname="com.maplogik.base.BeforeUpdateScreenShot" name="@BeforeMethod openBrowse" time="-1.656014391135E9">
    <skipped/>
  </testcase> <!-- @BeforeMethod openBrowse -->
  <testcase classname="com.maplogik.base.BeforeUpdateScreenShot" name="@AfterMethod tearDown" time="-1.656014391142E9">
    <skipped/>
  </testcase> <!-- @AfterMethod tearDown -->
  <testcase classname="com.maplogik.base.BeforeUpdateScreenShot" name="@BeforeMethod openBrowse" time="-1.656014391144E9">
    <skipped/>
  </testcase> <!-- @BeforeMethod openBrowse -->
  <testcase classname="com.maplogik.base.BeforeUpdateScreenShot" name="@AfterMethod tearDown" time="-1.656014391152E9">
    <skipped/>
  </testcase> <!-- @AfterMethod tearDown -->
  <testcase classname="com.maplogik.base.BeforeUpdateScreenShot" name="@BeforeMethod openBrowse" time="-1.656014391155E9">
    <skipped/>
  </testcase> <!-- @BeforeMethod openBrowse -->
  <testcase classname="com.maplogik.base.BeforeUpdateScreenShot" name="@AfterMethod tearDown" time="-1.65601439116E9">
    <skipped/>
  </testcase> <!-- @AfterMethod tearDown -->
  <testcase classname="com.maplogik.base.BeforeUpdateScreenShot" name="@BeforeMethod openBrowse" time="-1.656014391164E9">
    <skipped/>
  </testcase> <!-- @BeforeMethod openBrowse -->
  <testcase classname="com.maplogik.base.BeforeUpdateScreenShot" name="@AfterMethod tearDown" time="-1.656014391175E9">
    <skipped/>
  </testcase> <!-- @AfterMethod tearDown -->
  <testcase classname="com.maplogik.base.BeforeUpdateScreenShot" name="@BeforeMethod openBrowse" time="-1.656014391185E9">
    <skipped/>
  </testcase> <!-- @BeforeMethod openBrowse -->
  <testcase classname="com.maplogik.base.BeforeUpdateScreenShot" name="@AfterMethod tearDown" time="-1.656014391189E9">
    <skipped/>
  </testcase> <!-- @AfterMethod tearDown -->
  <testcase classname="com.maplogik.base.BeforeUpdateScreenShot" name="beforeScreenShot" time="6.048"/>
  <testcase classname="com.maplogik.base.BeforeUpdateScreenShot" name="beforeScreenShot" time="5.894"/>
  <testcase classname="com.maplogik.base.BeforeUpdateScreenShot" name="beforeScreenShot" time="0.0">
    <skipped/>
  </testcase> <!-- beforeScreenShot -->
  <testcase classname="com.maplogik.base.BeforeUpdateScreenShot" name="beforeScreenShot" time="0.0">
    <skipped/>
  </testcase> <!-- beforeScreenShot -->
  <testcase classname="com.maplogik.base.BeforeUpdateScreenShot" name="beforeScreenShot" time="0.0">
    <skipped/>
  </testcase> <!-- beforeScreenShot -->
  <testcase classname="com.maplogik.base.BeforeUpdateScreenShot" name="beforeScreenShot" time="0.0">
    <skipped/>
  </testcase> <!-- beforeScreenShot -->
  <testcase classname="com.maplogik.base.BeforeUpdateScreenShot" name="beforeScreenShot" time="0.0">
    <skipped/>
  </testcase> <!-- beforeScreenShot -->
  <testcase classname="com.maplogik.base.BeforeUpdateScreenShot" name="beforeScreenShot" time="0.0">
    <skipped/>
  </testcase> <!-- beforeScreenShot -->
  <testcase classname="com.maplogik.base.BeforeUpdateScreenShot" name="beforeScreenShot" time="0.0">
    <skipped/>
  </testcase> <!-- beforeScreenShot -->
  <testcase classname="com.maplogik.base.BeforeUpdateScreenShot" name="beforeScreenShot" time="0.0">
    <skipped/>
  </testcase> <!-- beforeScreenShot -->
  <testcase classname="com.maplogik.base.BeforeUpdateScreenShot" name="beforeScreenShot" time="0.0">
    <skipped/>
  </testcase> <!-- beforeScreenShot -->
  <testcase classname="com.maplogik.base.BeforeUpdateScreenShot" name="beforeScreenShot" time="0.0">
    <skipped/>
  </testcase> <!-- beforeScreenShot -->
  <testcase classname="com.maplogik.base.BeforeUpdateScreenShot" name="beforeScreenShot" time="0.0">
    <skipped/>
  </testcase> <!-- beforeScreenShot -->
  <testcase classname="com.maplogik.base.BeforeUpdateScreenShot" name="beforeScreenShot" time="0.0">
    <skipped/>
  </testcase> <!-- beforeScreenShot -->
  <testcase classname="com.maplogik.base.BeforeUpdateScreenShot" name="beforeScreenShot" time="0.0">
    <skipped/>
  </testcase> <!-- beforeScreenShot -->
  <testcase classname="com.maplogik.base.BeforeUpdateScreenShot" name="beforeScreenShot" time="0.0">
    <skipped/>
  </testcase> <!-- beforeScreenShot -->
  <testcase classname="com.maplogik.base.BeforeUpdateScreenShot" name="beforeScreenShot" time="0.0">
    <skipped/>
  </testcase> <!-- beforeScreenShot -->
  <testcase classname="com.maplogik.base.BeforeUpdateScreenShot" name="beforeScreenShot" time="0.001">
    <skipped/>
  </testcase> <!-- beforeScreenShot -->
  <testcase classname="com.maplogik.base.BeforeUpdateScreenShot" name="beforeScreenShot" time="0.0">
    <skipped/>
  </testcase> <!-- beforeScreenShot -->
  <testcase classname="com.maplogik.base.BeforeUpdateScreenShot" name="beforeScreenShot" time="0.0">
    <skipped/>
  </testcase> <!-- beforeScreenShot -->
  <testcase classname="com.maplogik.base.BeforeUpdateScreenShot" name="beforeScreenShot" time="0.0">
    <skipped/>
  </testcase> <!-- beforeScreenShot -->
  <testcase classname="com.maplogik.base.BeforeUpdateScreenShot" name="beforeScreenShot" time="0.0">
    <skipped/>
  </testcase> <!-- beforeScreenShot -->
  <testcase classname="com.maplogik.base.BeforeUpdateScreenShot" name="beforeScreenShot" time="0.0">
    <skipped/>
  </testcase> <!-- beforeScreenShot -->
  <testcase classname="com.maplogik.base.BeforeUpdateScreenShot" name="beforeScreenShot" time="0.0">
    <skipped/>
  </testcase> <!-- beforeScreenShot -->
  <testcase classname="com.maplogik.base.BeforeUpdateScreenShot" name="beforeScreenShot" time="0.0">
    <skipped/>
  </testcase> <!-- beforeScreenShot -->
  <testcase classname="com.maplogik.base.BeforeUpdateScreenShot" name="beforeScreenShot" time="0.0">
    <skipped/>
  </testcase> <!-- beforeScreenShot -->
  <testcase classname="com.maplogik.base.BeforeUpdateScreenShot" name="beforeScreenShot" time="0.0">
    <skipped/>
  </testcase> <!-- beforeScreenShot -->
  <testcase classname="com.maplogik.base.BeforeUpdateScreenShot" name="beforeScreenShot" time="0.0">
    <skipped/>
  </testcase> <!-- beforeScreenShot -->
  <testcase classname="com.maplogik.base.BeforeUpdateScreenShot" name="beforeScreenShot" time="0.0">
    <skipped/>
  </testcase> <!-- beforeScreenShot -->
  <testcase classname="com.maplogik.base.BeforeUpdateScreenShot" name="beforeScreenShot" time="0.0">
    <skipped/>
  </testcase> <!-- beforeScreenShot -->
  <testcase classname="com.maplogik.base.BeforeUpdateScreenShot" name="beforeScreenShot" time="0.0">
    <skipped/>
  </testcase> <!-- beforeScreenShot -->
  <testcase classname="com.maplogik.base.BeforeUpdateScreenShot" name="beforeScreenShot" time="0.0">
    <skipped/>
  </testcase> <!-- beforeScreenShot -->
  <testcase classname="com.maplogik.base.BeforeUpdateScreenShot" name="beforeScreenShot" time="0.0">
    <skipped/>
  </testcase> <!-- beforeScreenShot -->
  <testcase classname="com.maplogik.base.BeforeUpdateScreenShot" name="beforeScreenShot" time="0.0">
    <skipped/>
  </testcase> <!-- beforeScreenShot -->
  <testcase classname="com.maplogik.base.BeforeUpdateScreenShot" name="beforeScreenShot" time="0.0">
    <skipped/>
  </testcase> <!-- beforeScreenShot -->
  <testcase classname="com.maplogik.base.BeforeUpdateScreenShot" name="beforeScreenShot" time="0.0">
    <skipped/>
  </testcase> <!-- beforeScreenShot -->
  <testcase classname="com.maplogik.base.BeforeUpdateScreenShot" name="beforeScreenShot" time="0.0">
    <skipped/>
  </testcase> <!-- beforeScreenShot -->
  <testcase classname="com.maplogik.base.BeforeUpdateScreenShot" name="beforeScreenShot" time="0.0">
    <skipped/>
  </testcase> <!-- beforeScreenShot -->
  <testcase classname="com.maplogik.base.BeforeUpdateScreenShot" name="beforeScreenShot" time="0.0">
    <skipped/>
  </testcase> <!-- beforeScreenShot -->
  <testcase classname="com.maplogik.base.BeforeUpdateScreenShot" name="beforeScreenShot" time="0.0">
    <skipped/>
  </testcase> <!-- beforeScreenShot -->
  <testcase classname="com.maplogik.base.BeforeUpdateScreenShot" name="beforeScreenShot" time="0.0">
    <skipped/>
  </testcase> <!-- beforeScreenShot -->
  <testcase classname="com.maplogik.base.BeforeUpdateScreenShot" name="beforeScreenShot" time="0.0">
    <skipped/>
  </testcase> <!-- beforeScreenShot -->
  <testcase classname="com.maplogik.base.BeforeUpdateScreenShot" name="beforeScreenShot" time="0.0">
    <skipped/>
  </testcase> <!-- beforeScreenShot -->
  <testcase classname="com.maplogik.base.BeforeUpdateScreenShot" name="beforeScreenShot" time="0.0">
    <skipped/>
  </testcase> <!-- beforeScreenShot -->
</testsuite> <!-- Test -->
