<?xml version="1.0" encoding="UTF-8"?>
<!-- Generated by org.testng.reporters.JUnitXMLReporter -->
<testsuite ignored="0" hostname="Radhakrishnan" failures="0" tests="43" name="beforeScreenshot" time="24.129" errors="0" timestamp="2022-07-20T01:49:16 IST">
  <testcase classname="com.maplogik.functional.BeforeUpdateScreenShot" name="beforeScreenShot" time="1.317"/>
  <testcase classname="com.maplogik.functional.BeforeUpdateScreenShot" name="beforeScreenShot" time="0.394"/>
  <testcase classname="com.maplogik.functional.BeforeUpdateScreenShot" name="beforeScreenShot" time="0.385"/>
  <testcase classname="com.maplogik.functional.BeforeUpdateScreenShot" name="beforeScreenShot" time="0.38"/>
  <testcase classname="com.maplogik.functional.BeforeUpdateScreenShot" name="beforeScreenShot" time="0.377"/>
  <testcase classname="com.maplogik.functional.BeforeUpdateScreenShot" name="beforeScreenShot" time="0.371"/>
  <testcase classname="com.maplogik.functional.BeforeUpdateScreenShot" name="beforeScreenShot" time="0.445"/>
  <testcase classname="com.maplogik.functional.BeforeUpdateScreenShot" name="beforeScreenShot" time="0.381"/>
  <testcase classname="com.maplogik.functional.BeforeUpdateScreenShot" name="beforeScreenShot" time="0.366"/>
  <testcase classname="com.maplogik.functional.BeforeUpdateScreenShot" name="beforeScreenShot" time="0.365"/>
  <testcase classname="com.maplogik.functional.BeforeUpdateScreenShot" name="beforeScreenShot" time="0.362"/>
  <testcase classname="com.maplogik.functional.BeforeUpdateScreenShot" name="beforeScreenShot" time="0.367"/>
  <testcase classname="com.maplogik.functional.BeforeUpdateScreenShot" name="beforeScreenShot" time="0.355"/>
  <testcase classname="com.maplogik.functional.BeforeUpdateScreenShot" name="beforeScreenShot" time="0.355"/>
  <testcase classname="com.maplogik.functional.BeforeUpdateScreenShot" name="beforeScreenShot" time="0.422"/>
  <testcase classname="com.maplogik.functional.BeforeUpdateScreenShot" name="beforeScreenShot" time="0.354"/>
  <testcase classname="com.maplogik.functional.BeforeUpdateScreenShot" name="beforeScreenShot" time="0.35"/>
  <testcase classname="com.maplogik.functional.BeforeUpdateScreenShot" name="beforeScreenShot" time="0.353"/>
  <testcase classname="com.maplogik.functional.BeforeUpdateScreenShot" name="beforeScreenShot" time="0.364"/>
  <testcase classname="com.maplogik.functional.BeforeUpdateScreenShot" name="beforeScreenShot" time="0.371"/>
  <testcase classname="com.maplogik.functional.BeforeUpdateScreenShot" name="beforeScreenShot" time="0.362"/>
  <testcase classname="com.maplogik.functional.BeforeUpdateScreenShot" name="beforeScreenShot" time="0.343"/>
  <testcase classname="com.maplogik.functional.BeforeUpdateScreenShot" name="beforeScreenShot" time="0.349"/>
  <testcase classname="com.maplogik.functional.BeforeUpdateScreenShot" name="beforeScreenShot" time="0.372"/>
  <testcase classname="com.maplogik.functional.BeforeUpdateScreenShot" name="beforeScreenShot" time="0.364"/>
  <testcase classname="com.maplogik.functional.BeforeUpdateScreenShot" name="beforeScreenShot" time="0.343"/>
  <testcase classname="com.maplogik.functional.BeforeUpdateScreenShot" name="beforeScreenShot" time="0.372"/>
  <testcase classname="com.maplogik.functional.BeforeUpdateScreenShot" name="beforeScreenShot" time="0.349"/>
  <testcase classname="com.maplogik.functional.BeforeUpdateScreenShot" name="beforeScreenShot" time="0.372"/>
  <testcase classname="com.maplogik.functional.BeforeUpdateScreenShot" name="beforeScreenShot" time="0.472"/>
  <testcase classname="com.maplogik.functional.BeforeUpdateScreenShot" name="beforeScreenShot" time="0.375"/>
  <testcase classname="com.maplogik.functional.BeforeUpdateScreenShot" name="beforeScreenShot" time="0.549"/>
  <testcase classname="com.maplogik.functional.BeforeUpdateScreenShot" name="beforeScreenShot" time="0.558"/>
  <testcase classname="com.maplogik.functional.BeforeUpdateScreenShot" name="beforeScreenShot" time="0.469"/>
  <testcase classname="com.maplogik.functional.BeforeUpdateScreenShot" name="beforeScreenShot" time="0.463"/>
  <testcase classname="com.maplogik.functional.BeforeUpdateScreenShot" name="beforeScreenShot" time="0.744"/>
  <testcase classname="com.maplogik.functional.BeforeUpdateScreenShot" name="beforeScreenShot" time="0.462"/>
  <testcase classname="com.maplogik.functional.BeforeUpdateScreenShot" name="beforeScreenShot" time="0.337"/>
  <testcase classname="com.maplogik.functional.BeforeUpdateScreenShot" name="beforeScreenShot" time="0.387"/>
  <testcase classname="com.maplogik.functional.BeforeUpdateScreenShot" name="beforeScreenShot" time="0.382"/>
  <testcase classname="com.maplogik.functional.BeforeUpdateScreenShot" name="beforeScreenShot" time="0.319"/>
  <testcase classname="com.maplogik.functional.BeforeUpdateScreenShot" name="beforeScreenShot" time="0.432"/>
  <testcase classname="com.maplogik.functional.BeforeUpdateScreenShot" name="beforeScreenShot" time="0.407"/>
</testsuite> <!-- beforeScreenshot -->
